# JRE version: Java(TM) SE Runtime Environment (8.0_152-b16) (build 1.8.0_152-b16)
# Java VM: Java HotSpot(TM) 64-Bit Server VM (25.152-b16 mixed mode windows-amd64 compressed oops)
Heap:
 PSYoungGen      total 161280K, used 23488K [0x00000000d5b00000, 0x00000000e2c00000, 0x0000000100000000)
  eden space 147968K, 15% used [0x00000000d5b00000,0x00000000d71f03d0,0x00000000deb80000)
  from space 13312K, 0% used [0x00000000deb80000,0x00000000deb80000,0x00000000df880000)
  to   space 14336K, 0% used [0x00000000e1e00000,0x00000000e1e00000,0x00000000e2c00000)
 ParOldGen       total 219136K, used 91081K [0x0000000081000000, 0x000000008e600000, 0x00000000d5b00000)
  object space 219136K, 41% used [0x0000000081000000,0x00000000868f2500,0x000000008e600000)
 Metaspace       used 44323K, capacity 44844K, committed 45480K, reserved 1089536K
  class space    used 5599K, capacity 5743K, committed 5800K, reserved 1048576K
GC Heap History (10 events):
Event: 8.286 GC heap before
{Heap before GC invocations=8 (full 1):
 PSYoungGen      total 107008K, used 106861K [0x00000000d5b00000, 0x00000000dea00000, 0x0000000100000000)
  eden space 101376K, 100% used [0x00000000d5b00000,0x00000000dbe00000,0x00000000dbe00000)
  from space 5632K, 97% used [0x00000000de480000,0x00000000de9db7c8,0x00000000dea00000)
  to   space 7680K, 0% used [0x00000000ddb00000,0x00000000ddb00000,0x00000000de280000)
 ParOldGen       total 56320K, used 6364K [0x0000000081000000, 0x0000000084700000, 0x00000000d5b00000)
  object space 56320K, 11% used [0x0000000081000000,0x0000000081637390,0x0000000084700000)
 Metaspace       used 33556K, capacity 34012K, committed 34304K, reserved 1079296K
  class space    used 4177K, capacity 4312K, committed 4352K, reserved 1048576K
Event: 8.299 GC heap after
Heap after GC invocations=8 (full 1):
 PSYoungGen      total 138752K, used 7659K [0x00000000d5b00000, 0x00000000e0480000, 0x0000000100000000)
  eden space 131072K, 0% used [0x00000000d5b00000,0x00000000d5b00000,0x00000000ddb00000)
  from space 7680K, 99% used [0x00000000ddb00000,0x00000000de27ac50,0x00000000de280000)
  to   space 12288K, 0% used [0x00000000df880000,0x00000000df880000,0x00000000e0480000)
 ParOldGen       total 56320K, used 14976K [0x0000000081000000, 0x0000000084700000, 0x00000000d5b00000)
  object space 56320K, 26% used [0x0000000081000000,0x0000000081ea0110,0x0000000084700000)
 Metaspace       used 33556K, capacity 34012K, committed 34304K, reserved 1079296K
  class space    used 4177K, capacity 4312K, committed 4352K, reserved 1048576K
}
Event: 9.211 GC heap before
{Heap before GC invocations=9 (full 1):
 PSYoungGen      total 138752K, used 59907K [0x00000000d5b00000, 0x00000000e0480000, 0x0000000100000000)
  eden space 131072K, 39% used [0x00000000d5b00000,0x00000000d8e05fb0,0x00000000ddb00000)
  from space 7680K, 99% used [0x00000000ddb00000,0x00000000de27ac50,0x00000000de280000)
  to   space 12288K, 0% used [0x00000000df880000,0x00000000df880000,0x00000000e0480000)
 ParOldGen       total 56320K, used 14976K [0x0000000081000000, 0x0000000084700000, 0x00000000d5b00000)
  object space 56320K, 26% used [0x0000000081000000,0x0000000081ea0110,0x0000000084700000)
 Metaspace       used 34893K, capacity 35304K, committed 35496K, reserved 1081344K
  class space    used 4360K, capacity 4506K, committed 4520K, reserved 1048576K
Event: 9.233 GC heap after
Heap after GC invocations=9 (full 1):
 PSYoungGen      total 160256K, used 11209K [0x00000000d5b00000, 0x00000000e3600000, 0x0000000100000000)
  eden space 147968K, 0% used [0x00000000d5b00000,0x00000000d5b00000,0x00000000deb80000)
  from space 12288K, 91% used [0x00000000df880000,0x00000000e03724d8,0x00000000e0480000)
  to   space 13312K, 0% used [0x00000000deb80000,0x00000000deb80000,0x00000000df880000)
 ParOldGen       total 56320K, used 14976K [0x0000000081000000, 0x0000000084700000, 0x00000000d5b00000)
  object space 56320K, 26% used [0x0000000081000000,0x0000000081ea0110,0x0000000084700000)
 Metaspace       used 34893K, capacity 35304K, committed 35496K, reserved 1081344K
  class space    used 4360K, capacity 4506K, committed 4520K, reserved 1048576K
}
Event: 9.233 GC heap before
{Heap before GC invocations=10 (full 2):
 PSYoungGen      total 160256K, used 11209K [0x00000000d5b00000, 0x00000000e3600000, 0x0000000100000000)
  eden space 147968K, 0% used [0x00000000d5b00000,0x00000000d5b00000,0x00000000deb80000)
  from space 12288K, 91% used [0x00000000df880000,0x00000000e03724d8,0x00000000e0480000)
  to   space 13312K, 0% used [0x00000000deb80000,0x00000000deb80000,0x00000000df880000)
 ParOldGen       total 56320K, used 14976K [0x0000000081000000, 0x0000000084700000, 0x00000000d5b00000)
  object space 56320K, 26% used [0x0000000081000000,0x0000000081ea0110,0x0000000084700000)
 Metaspace       used 34893K, capacity 35304K, committed 35496K, reserved 1081344K
  class space    used 4360K, capacity 4506K, committed 4520K, reserved 1048576K
Event: 9.343 GC heap after
Heap after GC invocations=10 (full 2):
 PSYoungGen      total 160256K, used 0K [0x00000000d5b00000, 0x00000000e3600000, 0x0000000100000000)
  eden space 147968K, 0% used [0x00000000d5b00000,0x00000000d5b00000,0x00000000deb80000)
  from space 12288K, 0% used [0x00000000df880000,0x00000000df880000,0x00000000e0480000)
  to   space 13312K, 0% used [0x00000000deb80000,0x00000000deb80000,0x00000000df880000)
 ParOldGen       total 99840K, used 21095K [0x0000000081000000, 0x0000000087180000, 0x00000000d5b00000)
  object space 99840K, 21% used [0x0000000081000000,0x0000000082499dc0,0x0000000087180000)
 Metaspace       used 34893K, capacity 35304K, committed 35496K, reserved 1081344K
  class space    used 4360K, capacity 4506K, committed 4520K, reserved 1048576K
}
Event: 27.144 GC heap before
{Heap before GC invocations=11 (full 2):
 PSYoungGen      total 160256K, used 147968K [0x00000000d5b00000, 0x00000000e3600000, 0x0000000100000000)
  eden space 147968K, 100% used [0x00000000d5b00000,0x00000000deb80000,0x00000000deb80000)
  from space 12288K, 0% used [0x00000000df880000,0x00000000df880000,0x00000000e0480000)
  to   space 13312K, 0% used [0x00000000deb80000,0x00000000deb80000,0x00000000df880000)
 ParOldGen       total 99840K, used 21095K [0x0000000081000000, 0x0000000087180000, 0x00000000d5b00000)
  object space 99840K, 21% used [0x0000000081000000,0x0000000082499dc0,0x0000000087180000)
 Metaspace       used 42930K, capacity 43396K, committed 43688K, reserved 1087488K
  class space    used 5401K, capacity 5538K, committed 5544K, reserved 1048576K
Event: 27.170 GC heap after
Heap after GC invocations=11 (full 2):
 PSYoungGen      total 161280K, used 10960K [0x00000000d5b00000, 0x00000000e2c00000, 0x0000000100000000)
  eden space 147968K, 0% used [0x00000000d5b00000,0x00000000d5b00000,0x00000000deb80000)
  from space 13312K, 82% used [0x00000000deb80000,0x00000000df6342a0,0x00000000df880000)
  to   space 14336K, 0% used [0x00000000e1e00000,0x00000000e1e00000,0x00000000e2c00000)
 ParOldGen       total 99840K, used 86639K [0x0000000081000000, 0x0000000087180000, 0x00000000d5b00000)
  object space 99840K, 86% used [0x0000000081000000,0x000000008649be00,0x0000000087180000)
 Metaspace       used 42930K, capacity 43396K, committed 43688K, reserved 1087488K
  class space    used 5401K, capacity 5538K, committed 5544K, reserved 1048576K
}
Event: 27.170 GC heap before
{Heap before GC invocations=12 (full 3):
 PSYoungGen      total 161280K, used 10960K [0x00000000d5b00000, 0x00000000e2c00000, 0x0000000100000000)
  eden space 147968K, 0% used [0x00000000d5b00000,0x00000000d5b00000,0x00000000deb80000)
  from space 13312K, 82% used [0x00000000deb80000,0x00000000df6342a0,0x00000000df880000)
  to   space 14336K, 0% used [0x00000000e1e00000,0x00000000e1e00000,0x00000000e2c00000)
 ParOldGen       total 99840K, used 86639K [0x0000000081000000, 0x0000000087180000, 0x00000000d5b00000)
  object space 99840K, 86% used [0x0000000081000000,0x000000008649be00,0x0000000087180000)
 Metaspace       used 42930K, capacity 43396K, committed 43688K, reserved 1087488K
  class space    used 5401K, capacity 5538K, committed 5544K, reserved 1048576K
Event: 27.311 GC heap after
Heap after GC invocations=12 (full 3):
 PSYoungGen      total 161280K, used 0K [0x00000000d5b00000, 0x00000000e2c00000, 0x0000000100000000)
  eden space 147968K, 0% used [0x00000000d5b00000,0x00000000d5b00000,0x00000000deb80000)
  from space 13312K, 0% used [0x00000000deb80000,0x00000000deb80000,0x00000000df880000)
  to   space 14336K, 0% used [0x00000000e1e00000,0x00000000e1e00000,0x00000000e2c00000)
 ParOldGen       total 219136K, used 91081K [0x0000000081000000, 0x000000008e600000, 0x00000000d5b00000)
  object space 219136K, 41% used [0x0000000081000000,0x00000000868f2500,0x000000008e600000)
 Metaspace       used 42930K, capacity 43396K, committed 43688K, reserved 1087488K
  class space    used 5401K, capacity 5538K, committed 5544K, reserved 1048576K
}

